d:\c++\tinyrender\easyrender\tinyrender\x64\debug\vc143.pdb
d:\c++\tinyrender\easyrender\tinyrender\x64\debug\vc143.idb
d:\c++\tinyrender\easyrender\tinyrender\x64\debug\tagimage.obj
d:\c++\tinyrender\easyrender\tinyrender\x64\debug\modle.obj
d:\c++\tinyrender\easyrender\tinyrender\x64\debug\main.obj
d:\c++\tinyrender\easyrender\tinyrender\x64\debug\tinyrender.res
d:\c++\tinyrender\easyrender\x64\debug\tinyrender.pdb
d:\c++\tinyrender\easyrender\tinyrender\x64\debug\tinyrender.tlog\cl.command.1.tlog
d:\c++\tinyrender\easyrender\tinyrender\x64\debug\tinyrender.tlog\cl.read.1.tlog
d:\c++\tinyrender\easyrender\tinyrender\x64\debug\tinyrender.tlog\cl.write.1.tlog
d:\c++\tinyrender\easyrender\tinyrender\x64\debug\tinyrender.tlog\link-cvtres.read.1.tlog
d:\c++\tinyrender\easyrender\tinyrender\x64\debug\tinyrender.tlog\link-cvtres.write.1.tlog
d:\c++\tinyrender\easyrender\tinyrender\x64\debug\tinyrender.tlog\link-rc.read.1.tlog
d:\c++\tinyrender\easyrender\tinyrender\x64\debug\tinyrender.tlog\link-rc.write.1.tlog
d:\c++\tinyrender\easyrender\tinyrender\x64\debug\tinyrender.tlog\link.command.1.tlog
d:\c++\tinyrender\easyrender\tinyrender\x64\debug\tinyrender.tlog\link.read.1.tlog
d:\c++\tinyrender\easyrender\tinyrender\x64\debug\tinyrender.tlog\link.read.2.tlog
d:\c++\tinyrender\easyrender\tinyrender\x64\debug\tinyrender.tlog\link.read.3.tlog
d:\c++\tinyrender\easyrender\tinyrender\x64\debug\tinyrender.tlog\link.read.4.tlog
d:\c++\tinyrender\easyrender\tinyrender\x64\debug\tinyrender.tlog\link.write.1.tlog
d:\c++\tinyrender\easyrender\tinyrender\x64\debug\tinyrender.tlog\rc.command.1.tlog
d:\c++\tinyrender\easyrender\tinyrender\x64\debug\tinyrender.tlog\rc.read.1.tlog
d:\c++\tinyrender\easyrender\tinyrender\x64\debug\tinyrender.tlog\rc.write.1.tlog
